<?xml version="1.0" encoding="UTF-8"?>
<!-- Generated by org.testng.reporters.JUnitReportReporter -->
<testsuite hostname="DESKTOP-Q72JB9M" failures="0" tests="1" name="com.test.LoginPageTest" time="9.613" errors="0" timestamp="2024-06-01T18:41:51 IST" skipped="0">
  <testcase classname="com.test.LoginPageTest" name="pageUrl" time="9.613"/>
</testsuite> <!-- com.test.LoginPageTest -->
